0 info it worked if it ends with ok
1 verbose cli [ '/usr/local/bin/node', '/usr/local/bin/npm', 'install', 'cv2' ]
2 info using npm@2.14.12
3 info using node@v4.2.4
4 verbose config Skipping project config: /Users/LongMac/.npmrc. (matches userconfig)
5 verbose install initial load of /Users/LongMac/package.json
6 verbose installManyTop reading scoped package data from /Users/LongMac/node_modules/bluebird/package.json
7 verbose installManyTop reading scoped package data from /Users/LongMac/node_modules/cheerio/package.json
8 verbose installManyTop reading scoped package data from /Users/LongMac/node_modules/hackernews/package.json
9 verbose installManyTop reading scoped package data from /Users/LongMac/node_modules/htmlparser/package.json
10 verbose installManyTop reading scoped package data from /Users/LongMac/node_modules/libpcap/package.json
11 verbose installManyTop reading scoped package data from /Users/LongMac/node_modules/moment/package.json
12 verbose installManyTop reading scoped package data from /Users/LongMac/node_modules/moment-range/package.json
13 verbose installManyTop reading scoped package data from /Users/LongMac/node_modules/mongoose/package.json
14 verbose installManyTop reading scoped package data from /Users/LongMac/node_modules/mongoose-timestamp/package.json
15 verbose installManyTop reading scoped package data from /Users/LongMac/node_modules/pcap/package.json
16 verbose installManyTop reading scoped package data from /Users/LongMac/node_modules/selenium/package.json
17 verbose installManyTop reading scoped package data from /Users/LongMac/node_modules/tty.js/package.json
18 verbose installManyTop reading scoped package data from /Users/LongMac/node_modules/websocketserver/package.json
19 info package.json pcap@2.0.0 No license field.
20 info package.json websocketserver@1.0.0 No license field.
21 info package.json htmlparser@1.7.7 No license field.
22 info package.json hackernews@0.0.7 No repository field.
23 info package.json moment-range@2.1.0 license should be a valid SPDX license expression
24 verbose readDependencies loading dependencies from /Users/LongMac/package.json
25 silly cache add args [ 'cv2', null ]
26 verbose cache add spec cv2
27 silly cache add parsed spec Result {
27 silly cache add   raw: 'cv2',
27 silly cache add   scope: null,
27 silly cache add   name: 'cv2',
27 silly cache add   rawSpec: '',
27 silly cache add   spec: 'latest',
27 silly cache add   type: 'tag' }
28 silly addNamed cv2@latest
29 verbose addNamed "latest" is being treated as a dist-tag for cv2
30 info addNameTag [ 'cv2', 'latest' ]
31 silly mapToRegistry name cv2
32 silly mapToRegistry using default registry
33 silly mapToRegistry registry https://registry.npmjs.org/
34 silly mapToRegistry uri https://registry.npmjs.org/cv2
35 verbose addNameTag registry:https://registry.npmjs.org/cv2 not in flight; fetching
36 verbose request uri https://registry.npmjs.org/cv2
37 verbose request no auth needed
38 info attempt registry request try #1 at 4:41:28 PM
39 verbose request id 10cc37de16336281
40 http request GET https://registry.npmjs.org/cv2
41 http 404 https://registry.npmjs.org/cv2
42 verbose headers { 'content-type': 'application/json',
42 verbose headers   'cache-control': 'max-age=0',
42 verbose headers   'content-length': '2',
42 verbose headers   'accept-ranges': 'bytes',
42 verbose headers   date: 'Tue, 14 Jun 2016 08:41:30 GMT',
42 verbose headers   via: '1.1 varnish',
42 verbose headers   age: '0',
42 verbose headers   connection: 'keep-alive',
42 verbose headers   'x-served-by': 'cache-jfk1035-JFK',
42 verbose headers   'x-cache': 'MISS',
42 verbose headers   'x-cache-hits': '0',
42 verbose headers   'x-timer': 'S1465893690.873345,VS0,VE23',
42 verbose headers   vary: 'Accept-Encoding' }
43 silly get cb [ 404,
43 silly get   { 'content-type': 'application/json',
43 silly get     'cache-control': 'max-age=0',
43 silly get     'content-length': '2',
43 silly get     'accept-ranges': 'bytes',
43 silly get     date: 'Tue, 14 Jun 2016 08:41:30 GMT',
43 silly get     via: '1.1 varnish',
43 silly get     age: '0',
43 silly get     connection: 'keep-alive',
43 silly get     'x-served-by': 'cache-jfk1035-JFK',
43 silly get     'x-cache': 'MISS',
43 silly get     'x-cache-hits': '0',
43 silly get     'x-timer': 'S1465893690.873345,VS0,VE23',
43 silly get     vary: 'Accept-Encoding' } ]
44 verbose stack Error: Registry returned 404 for GET on https://registry.npmjs.org/cv2
44 verbose stack     at makeError (/usr/local/lib/node_modules/npm/node_modules/npm-registry-client/lib/request.js:264:12)
44 verbose stack     at CachingRegistryClient.<anonymous> (/usr/local/lib/node_modules/npm/node_modules/npm-registry-client/lib/request.js:242:14)
44 verbose stack     at Request._callback (/usr/local/lib/node_modules/npm/node_modules/npm-registry-client/lib/request.js:172:14)
44 verbose stack     at Request.self.callback (/usr/local/lib/node_modules/npm/node_modules/request/request.js:198:22)
44 verbose stack     at emitTwo (events.js:87:13)
44 verbose stack     at Request.emit (events.js:172:7)
44 verbose stack     at Request.<anonymous> (/usr/local/lib/node_modules/npm/node_modules/request/request.js:1082:10)
44 verbose stack     at emitOne (events.js:82:20)
44 verbose stack     at Request.emit (events.js:169:7)
44 verbose stack     at IncomingMessage.<anonymous> (/usr/local/lib/node_modules/npm/node_modules/request/request.js:1009:12)
45 verbose statusCode 404
46 verbose pkgid cv2
47 verbose cwd /Users/LongMac/Desktop/SantaFeControlSoftware
48 error Darwin 15.6.0
49 error argv "/usr/local/bin/node" "/usr/local/bin/npm" "install" "cv2"
50 error node v4.2.4
51 error npm  v2.14.12
52 error code E404
53 error 404 Registry returned 404 for GET on https://registry.npmjs.org/cv2
53 error 404
53 error 404 'cv2' is not in the npm registry.
53 error 404 You should bug the author to publish it (or use the name yourself!)
53 error 404
53 error 404 Note that you can also install from a
53 error 404 tarball, folder, http url, or git url.
54 verbose exit [ 1, true ]
