0 info it worked if it ends with ok
1 verbose cli [ '/usr/local/bin/node', '/usr/local/bin/npm', 'install', 'cv2' ]
2 info using npm@2.14.12
3 info using node@v4.2.4
4 verbose config Skipping project config: /Users/LongMac/.npmrc. (matches userconfig)
5 verbose install initial load of /Users/LongMac/package.json
6 verbose installManyTop reading scoped package data from /Users/LongMac/node_modules/bluebird/package.json
7 verbose installManyTop reading scoped package data from /Users/LongMac/node_modules/cheerio/package.json
8 verbose installManyTop reading scoped package data from /Users/LongMac/node_modules/hackernews/package.json
9 verbose installManyTop reading scoped package data from /Users/LongMac/node_modules/htmlparser/package.json
10 verbose installManyTop reading scoped package data from /Users/LongMac/node_modules/jquery/package.json
11 verbose installManyTop reading scoped package data from /Users/LongMac/node_modules/libpcap/package.json
12 verbose installManyTop reading scoped package data from /Users/LongMac/node_modules/moment/package.json
13 verbose installManyTop reading scoped package data from /Users/LongMac/node_modules/moment-range/package.json
14 verbose installManyTop reading scoped package data from /Users/LongMac/node_modules/mongoose/package.json
15 verbose installManyTop reading scoped package data from /Users/LongMac/node_modules/mongoose-timestamp/package.json
16 verbose installManyTop reading scoped package data from /Users/LongMac/node_modules/pcap/package.json
17 verbose installManyTop reading scoped package data from /Users/LongMac/node_modules/selenium/package.json
18 verbose installManyTop reading scoped package data from /Users/LongMac/node_modules/tty.js/package.json
19 verbose installManyTop reading scoped package data from /Users/LongMac/node_modules/websocketserver/package.json
20 info package.json pcap@2.0.0 No license field.
21 info package.json websocketserver@1.0.0 No license field.
22 info package.json hackernews@0.0.7 No repository field.
23 info package.json moment-range@2.1.0 license should be a valid SPDX license expression
24 info package.json htmlparser@1.7.7 No license field.
25 verbose readDependencies loading dependencies from /Users/LongMac/package.json
26 silly cache add args [ 'cv2', null ]
27 verbose cache add spec cv2
28 silly cache add parsed spec Result {
28 silly cache add   raw: 'cv2',
28 silly cache add   scope: null,
28 silly cache add   name: 'cv2',
28 silly cache add   rawSpec: '',
28 silly cache add   spec: 'latest',
28 silly cache add   type: 'tag' }
29 silly addNamed cv2@latest
30 verbose addNamed "latest" is being treated as a dist-tag for cv2
31 info addNameTag [ 'cv2', 'latest' ]
32 silly mapToRegistry name cv2
33 silly mapToRegistry using default registry
34 silly mapToRegistry registry https://registry.npmjs.org/
35 silly mapToRegistry uri https://registry.npmjs.org/cv2
36 verbose addNameTag registry:https://registry.npmjs.org/cv2 not in flight; fetching
37 verbose request uri https://registry.npmjs.org/cv2
38 verbose request no auth needed
39 info attempt registry request try #1 at 10:59:06 AM
40 verbose request id ed46a3abadc35851
41 http request GET https://registry.npmjs.org/cv2
42 http 404 https://registry.npmjs.org/cv2
43 verbose headers { 'content-type': 'application/json',
43 verbose headers   'cache-control': 'max-age=0',
43 verbose headers   'content-length': '2',
43 verbose headers   'accept-ranges': 'bytes',
43 verbose headers   date: 'Wed, 21 Sep 2016 14:59:07 GMT',
43 verbose headers   via: '1.1 varnish',
43 verbose headers   age: '0',
43 verbose headers   connection: 'keep-alive',
43 verbose headers   'x-served-by': 'cache-bos8225-BOS',
43 verbose headers   'x-cache': 'MISS',
43 verbose headers   'x-cache-hits': '0',
43 verbose headers   'x-timer': 'S1474469947.818055,VS0,VE48',
43 verbose headers   vary: 'Accept-Encoding' }
44 silly get cb [ 404,
44 silly get   { 'content-type': 'application/json',
44 silly get     'cache-control': 'max-age=0',
44 silly get     'content-length': '2',
44 silly get     'accept-ranges': 'bytes',
44 silly get     date: 'Wed, 21 Sep 2016 14:59:07 GMT',
44 silly get     via: '1.1 varnish',
44 silly get     age: '0',
44 silly get     connection: 'keep-alive',
44 silly get     'x-served-by': 'cache-bos8225-BOS',
44 silly get     'x-cache': 'MISS',
44 silly get     'x-cache-hits': '0',
44 silly get     'x-timer': 'S1474469947.818055,VS0,VE48',
44 silly get     vary: 'Accept-Encoding' } ]
45 verbose stack Error: Registry returned 404 for GET on https://registry.npmjs.org/cv2
45 verbose stack     at makeError (/usr/local/lib/node_modules/npm/node_modules/npm-registry-client/lib/request.js:264:12)
45 verbose stack     at CachingRegistryClient.<anonymous> (/usr/local/lib/node_modules/npm/node_modules/npm-registry-client/lib/request.js:242:14)
45 verbose stack     at Request._callback (/usr/local/lib/node_modules/npm/node_modules/npm-registry-client/lib/request.js:172:14)
45 verbose stack     at Request.self.callback (/usr/local/lib/node_modules/npm/node_modules/request/request.js:198:22)
45 verbose stack     at emitTwo (events.js:87:13)
45 verbose stack     at Request.emit (events.js:172:7)
45 verbose stack     at Request.<anonymous> (/usr/local/lib/node_modules/npm/node_modules/request/request.js:1082:10)
45 verbose stack     at emitOne (events.js:82:20)
45 verbose stack     at Request.emit (events.js:169:7)
45 verbose stack     at IncomingMessage.<anonymous> (/usr/local/lib/node_modules/npm/node_modules/request/request.js:1009:12)
46 verbose statusCode 404
47 verbose pkgid cv2
48 verbose cwd /Users/LongMac/Desktop/SantaFeControlSoftware
49 error Darwin 16.0.0
50 error argv "/usr/local/bin/node" "/usr/local/bin/npm" "install" "cv2"
51 error node v4.2.4
52 error npm  v2.14.12
53 error code E404
54 error 404 Registry returned 404 for GET on https://registry.npmjs.org/cv2
54 error 404
54 error 404 'cv2' is not in the npm registry.
54 error 404 You should bug the author to publish it (or use the name yourself!)
54 error 404
54 error 404 Note that you can also install from a
54 error 404 tarball, folder, http url, or git url.
55 verbose exit [ 1, true ]
